2025-01-30 03:53:12,824 - INFO - Sistema iniciado
2025-01-30 03:53:19,709 - INFO - Usuário admin autenticado com sucesso como admin
2025-01-30 03:54:49,655 - INFO - Usuário user autenticado com sucesso como user
2025-01-30 03:55:07,690 - INFO - Usuário user autenticado com sucesso como user
2025-01-30 03:56:57,337 - INFO - Sistema iniciado
2025-01-30 03:57:04,455 - INFO - Usuário admin autenticado com sucesso como admin
2025-01-30 03:57:22,871 - INFO - Usuário user autenticado com sucesso como user
2025-01-30 03:57:47,331 - INFO - Sistema iniciado
2025-01-30 03:57:53,254 - INFO - Usuário admin autenticado com sucesso como admin
2025-01-30 03:58:10,713 - INFO - Usuário user autenticado com sucesso como user
2025-01-30 04:00:22,986 - INFO - Sistema iniciado
2025-01-30 04:00:29,498 - INFO - Usuário admin autenticado com sucesso como admin
2025-01-30 04:01:00,746 - INFO - Usuário user autenticado com sucesso como user
2025-01-30 04:01:30,688 - INFO - Usuário admin autenticado com sucesso como admin
2025-01-30 04:02:30,160 - INFO - Usuário admin autenticado com sucesso como admin
2025-01-30 04:03:25,282 - INFO - Sistema iniciado
2025-01-30 04:03:32,490 - INFO - Usuário admin autenticado com sucesso como admin
2025-01-30 04:03:56,876 - WARNING - Tentativa de login falhou para o usuário oi1
2025-01-30 04:04:04,501 - INFO - Usuário admin autenticado com sucesso como admin
2025-01-30 04:04:09,660 - INFO - Usuário oi1 aprovado
2025-01-30 04:07:27,688 - INFO - Sistema iniciado
2025-01-30 04:07:43,134 - INFO - Usuário admin autenticado com sucesso como admin
2025-01-30 04:09:11,898 - WARNING - Tentativa de login falhou para o usuário oi
2025-01-30 04:09:23,130 - INFO - Usuário admin autenticado com sucesso como admin
2025-01-30 04:09:27,230 - INFO - Usuário oi aprovado
2025-01-30 04:09:38,910 - INFO - Usuário oi autenticado com sucesso como user
2025-01-30 14:07:30,227 - INFO - Sistema iniciado
2025-01-30 14:07:43,974 - INFO - Usuário admin autenticado com sucesso como admin
2025-01-30 14:09:03,920 - INFO - Sistema iniciado
2025-01-30 14:09:14,141 - INFO - Usuário admin autenticado com sucesso como admin
2025-01-30 14:10:50,960 - INFO - Sistema iniciado
2025-01-30 14:10:59,597 - INFO - Usuário admin autenticado com sucesso como admin
2025-01-30 14:12:30,823 - INFO - Sistema iniciado
2025-01-30 14:12:46,406 - INFO - Usuário admin autenticado com sucesso como admin
2025-01-30 14:14:45,615 - INFO - Sistema iniciado
2025-01-30 14:14:52,436 - INFO - Usuário admin autenticado com sucesso como admin
2025-01-30 14:16:41,847 - INFO - Sistema iniciado
2025-01-30 14:17:04,770 - INFO - Usuário admin autenticado com sucesso como admin
2025-01-30 14:17:33,854 - INFO - Usuário user autenticado com sucesso como user
2025-01-30 14:17:50,050 - INFO - Usuário admin autenticado com sucesso como admin
2025-01-30 14:22:15,785 - INFO - Usuário guest autenticado com sucesso como guest
2025-01-30 16:43:27,411 - INFO - Sistema iniciado
2025-01-30 16:43:50,394 - INFO - Usuário admin autenticado com sucesso como admin
2025-01-30 16:45:14,238 - INFO - Sistema iniciado
2025-01-30 16:45:20,516 - INFO - Usuário admin autenticado com sucesso como admin
2025-01-30 16:48:24,827 - INFO - Sistema iniciado
2025-01-30 16:48:41,395 - INFO - Usuário admin autenticado com sucesso como admin
2025-01-30 16:49:07,424 - INFO - Usuário user autenticado com sucesso como user
2025-01-30 16:50:36,846 - INFO - Usuário admin autenticado com sucesso como admin
2025-01-30 16:51:44,756 - INFO - Usuário user autenticado com sucesso como user
2025-01-30 16:52:52,880 - INFO - Sistema iniciado
2025-01-30 16:52:58,726 - INFO - Usuário admin autenticado com sucesso como admin
2025-01-30 16:54:29,209 - INFO - Usuário user autenticado com sucesso como user
2025-01-30 16:54:55,762 - INFO - Usuário admin autenticado com sucesso como admin
2025-01-30 16:57:47,596 - INFO - Sistema iniciado
2025-01-30 16:57:53,598 - INFO - Usuário user autenticado com sucesso como user
2025-01-30 16:58:30,444 - INFO - Usuário admin autenticado com sucesso como admin
2025-01-30 16:58:55,736 - INFO - Usuário user autenticado com sucesso como user
2025-01-30 16:59:14,122 - INFO - Usuário admin autenticado com sucesso como admin
2025-01-30 16:59:33,846 - INFO - Usuário user autenticado com sucesso como user
2025-01-30 16:59:48,434 - INFO - Usuário admin autenticado com sucesso como admin
2025-01-30 17:01:21,006 - INFO - Sistema iniciado
2025-01-30 17:01:26,526 - INFO - Usuário admin autenticado com sucesso como admin
2025-01-30 17:01:36,816 - INFO - Usuário admin autenticado com sucesso como admin
2025-01-30 17:01:55,551 - INFO - Sistema iniciado
2025-01-30 17:02:00,796 - INFO - Usuário admin autenticado com sucesso como admin
2025-01-30 17:02:15,776 - INFO - Usuário user autenticado com sucesso como user
2025-01-30 17:03:21,269 - INFO - Sistema iniciado
2025-01-30 17:03:34,946 - WARNING - Tentativa de login falhou para o usuário admin
2025-01-30 17:03:39,044 - INFO - Usuário admin autenticado com sucesso como admin
2025-01-30 17:04:08,626 - WARNING - Tentativa de login falhou para o usuário oi
2025-01-30 17:04:15,376 - INFO - Usuário admin autenticado com sucesso como admin
2025-01-30 17:04:19,246 - INFO - Usuário oi aprovado com permissões: []
2025-01-30 17:05:10,889 - INFO - Sistema iniciado
2025-01-30 17:05:17,166 - INFO - Usuário admin autenticado com sucesso como admin
2025-01-30 17:05:31,336 - INFO - Usuário oi autenticado com sucesso como user
2025-01-30 17:06:22,826 - INFO - Sistema iniciado
2025-01-30 17:06:28,316 - INFO - Usuário admin autenticado com sucesso como admin
2025-01-30 17:07:44,307 - INFO - Sistema iniciado
2025-01-30 17:07:49,856 - INFO - Usuário admin autenticado com sucesso como admin
2025-01-30 17:08:38,999 - INFO - Sistema iniciado
2025-01-30 17:08:44,836 - INFO - Usuário admin autenticado com sucesso como admin
2025-01-30 17:09:15,629 - INFO - Sistema iniciado
2025-01-30 17:09:22,306 - INFO - Usuário user autenticado com sucesso como user
2025-01-30 17:09:32,451 - INFO - Usuário admin autenticado com sucesso como admin
2025-01-30 17:09:55,616 - INFO - Usuário user autenticado com sucesso como user
2025-01-30 17:10:05,236 - INFO - Usuário admin autenticado com sucesso como admin
